<?xml version="1.0" encoding="UTF-8"?>
<coverage generated="1754938480">
  <project timestamp="1754938480">
    <file name="/home/runner/work/wp-module-features/wp-module-features/includes/Feature.php">
      <class name="NewfoldLabs\WP\Module\Features\Feature" namespace="global">
        <metrics complexity="12" methods="9" coveredmethods="0" conditionals="0" coveredconditionals="0" statements="52" coveredstatements="0" elements="61" coveredelements="0"/>
      </class>
      <line num="42" type="method" name="__construct" visibility="public" complexity="2" crap="6" count="0"/>
      <line num="45" type="stmt" count="0"/>
      <line num="46" type="stmt" count="0"/>
      <line num="48" type="stmt" count="0"/>
      <line num="49" type="stmt" count="0"/>
      <line num="51" type="stmt" count="0"/>
      <line num="52" type="stmt" count="0"/>
      <line num="53" type="stmt" count="0"/>
      <line num="54" type="stmt" count="0"/>
      <line num="55" type="stmt" count="0"/>
      <line num="56" type="stmt" count="0"/>
      <line num="59" type="stmt" count="0"/>
      <line num="60" type="stmt" count="0"/>
      <line num="63" type="stmt" count="0"/>
      <line num="74" type="method" name="initialize" visibility="protected" complexity="1" crap="2" count="0"/>
      <line num="76" type="stmt" count="0"/>
      <line num="83" type="method" name="setValue" visibility="private" complexity="1" crap="2" count="0"/>
      <line num="84" type="stmt" count="0"/>
      <line num="85" type="stmt" count="0"/>
      <line num="93" type="method" name="enable" visibility="public" complexity="2" crap="6" count="0"/>
      <line num="94" type="stmt" count="0"/>
      <line num="97" type="stmt" count="0"/>
      <line num="99" type="stmt" count="0"/>
      <line num="102" type="stmt" count="0"/>
      <line num="104" type="stmt" count="0"/>
      <line num="105" type="stmt" count="0"/>
      <line num="108" type="stmt" count="0"/>
      <line num="110" type="stmt" count="0"/>
      <line num="112" type="stmt" count="0"/>
      <line num="114" type="stmt" count="0"/>
      <line num="122" type="method" name="disable" visibility="public" complexity="2" crap="6" count="0"/>
      <line num="123" type="stmt" count="0"/>
      <line num="126" type="stmt" count="0"/>
      <line num="128" type="stmt" count="0"/>
      <line num="131" type="stmt" count="0"/>
      <line num="133" type="stmt" count="0"/>
      <line num="134" type="stmt" count="0"/>
      <line num="137" type="stmt" count="0"/>
      <line num="139" type="stmt" count="0"/>
      <line num="141" type="stmt" count="0"/>
      <line num="143" type="stmt" count="0"/>
      <line num="151" type="method" name="isEnabled" visibility="public" complexity="1" crap="2" count="0"/>
      <line num="152" type="stmt" count="0"/>
      <line num="154" type="stmt" count="0"/>
      <line num="155" type="stmt" count="0"/>
      <line num="157" type="stmt" count="0"/>
      <line num="158" type="stmt" count="0"/>
      <line num="159" type="stmt" count="0"/>
      <line num="160" type="stmt" count="0"/>
      <line num="168" type="method" name="isTogglable" visibility="public" complexity="1" crap="2" count="0"/>
      <line num="169" type="stmt" count="0"/>
      <line num="171" type="stmt" count="0"/>
      <line num="172" type="stmt" count="0"/>
      <line num="174" type="stmt" count="0"/>
      <line num="175" type="stmt" count="0"/>
      <line num="176" type="stmt" count="0"/>
      <line num="177" type="stmt" count="0"/>
      <line num="185" type="method" name="canToggle" visibility="public" complexity="1" crap="2" count="0"/>
      <line num="186" type="stmt" count="0"/>
      <line num="192" type="method" name="getName" visibility="public" complexity="1" crap="2" count="0"/>
      <line num="193" type="stmt" count="0"/>
      <metrics loc="196" ncloc="109" classes="1" methods="9" coveredmethods="0" conditionals="0" coveredconditionals="0" statements="52" coveredstatements="0" elements="61" coveredelements="0"/>
    </file>
    <file name="/home/runner/work/wp-module-features/wp-module-features/includes/Features.php">
      <class name="NewfoldLabs\WP\Module\Features\Features" namespace="global">
        <metrics complexity="21" methods="13" coveredmethods="0" conditionals="0" coveredconditionals="0" statements="79" coveredstatements="0" elements="92" coveredelements="0"/>
      </class>
      <line num="38" type="method" name="__construct" visibility="private" complexity="3" crap="12" count="0"/>
      <line num="41" type="stmt" count="0"/>
      <line num="43" type="stmt" count="0"/>
      <line num="45" type="stmt" count="0"/>
      <line num="48" type="stmt" count="0"/>
      <line num="51" type="stmt" count="0"/>
      <line num="54" type="stmt" count="0"/>
      <line num="57" type="stmt" count="0"/>
      <line num="59" type="stmt" count="0"/>
      <line num="63" type="stmt" count="0"/>
      <line num="64" type="stmt" count="0"/>
      <line num="65" type="stmt" count="0"/>
      <line num="66" type="stmt" count="0"/>
      <line num="67" type="stmt" count="0"/>
      <line num="68" type="stmt" count="0"/>
      <line num="69" type="stmt" count="0"/>
      <line num="76" type="method" name="initFeatures" visibility="public" complexity="3" crap="12" count="0"/>
      <line num="78" type="stmt" count="0"/>
      <line num="79" type="stmt" count="0"/>
      <line num="81" type="stmt" count="0"/>
      <line num="83" type="stmt" count="0"/>
      <line num="91" type="method" name="registerRoutes" visibility="public" complexity="1" crap="2" count="0"/>
      <line num="92" type="stmt" count="0"/>
      <line num="98" type="method" name="registerCLI" visibility="public" complexity="1" crap="2" count="0"/>
      <line num="99" type="stmt" count="0"/>
      <line num="100" type="stmt" count="0"/>
      <line num="101" type="stmt" count="0"/>
      <line num="102" type="stmt" count="0"/>
      <line num="103" type="stmt" count="0"/>
      <line num="104" type="stmt" count="0"/>
      <line num="105" type="stmt" count="0"/>
      <line num="106" type="stmt" count="0"/>
      <line num="107" type="stmt" count="0"/>
      <line num="113" type="method" name="assets" visibility="public" complexity="1" crap="2" count="0"/>
      <line num="116" type="stmt" count="0"/>
      <line num="117" type="stmt" count="0"/>
      <line num="118" type="stmt" count="0"/>
      <line num="119" type="stmt" count="0"/>
      <line num="120" type="stmt" count="0"/>
      <line num="121" type="stmt" count="0"/>
      <line num="122" type="stmt" count="0"/>
      <line num="123" type="stmt" count="0"/>
      <line num="126" type="stmt" count="0"/>
      <line num="127" type="stmt" count="0"/>
      <line num="128" type="stmt" count="0"/>
      <line num="129" type="stmt" count="0"/>
      <line num="130" type="stmt" count="0"/>
      <line num="131" type="stmt" count="0"/>
      <line num="132" type="stmt" count="0"/>
      <line num="133" type="stmt" count="0"/>
      <line num="134" type="stmt" count="0"/>
      <line num="136" type="stmt" count="0"/>
      <line num="137" type="stmt" count="0"/>
      <line num="138" type="stmt" count="0"/>
      <line num="139" type="stmt" count="0"/>
      <line num="140" type="stmt" count="0"/>
      <line num="147" type="method" name="defaultIsEnabledFilter" visibility="public" complexity="2" crap="6" count="0"/>
      <line num="149" type="stmt" count="0"/>
      <line num="150" type="stmt" count="0"/>
      <line num="152" type="stmt" count="0"/>
      <line num="160" type="method" name="getInstance" visibility="public" complexity="2" crap="6" count="0"/>
      <line num="161" type="stmt" count="0"/>
      <line num="162" type="stmt" count="0"/>
      <line num="164" type="stmt" count="0"/>
      <line num="172" type="method" name="getFeatures" visibility="public" complexity="2" crap="6" count="0"/>
      <line num="173" type="stmt" count="0"/>
      <line num="174" type="stmt" count="0"/>
      <line num="175" type="stmt" count="0"/>
      <line num="177" type="stmt" count="0"/>
      <line num="185" type="method" name="getToggleableFeatures" visibility="public" complexity="2" crap="6" count="0"/>
      <line num="186" type="stmt" count="0"/>
      <line num="187" type="stmt" count="0"/>
      <line num="188" type="stmt" count="0"/>
      <line num="190" type="stmt" count="0"/>
      <line num="198" type="method" name="getFeatureList" visibility="public" complexity="1" crap="2" count="0"/>
      <line num="199" type="stmt" count="0"/>
      <line num="208" type="method" name="getFeature" visibility="public" complexity="1" crap="2" count="0"/>
      <line num="209" type="stmt" count="0"/>
      <line num="218" type="method" name="hasFeature" visibility="public" complexity="1" crap="2" count="0"/>
      <line num="219" type="stmt" count="0"/>
      <line num="227" type="method" name="load_text_domain" visibility="public" complexity="1" crap="2" count="0"/>
      <line num="229" type="stmt" count="0"/>
      <line num="231" type="stmt" count="0"/>
      <line num="232" type="stmt" count="0"/>
      <line num="233" type="stmt" count="0"/>
      <line num="234" type="stmt" count="0"/>
      <line num="235" type="stmt" count="0"/>
      <line num="237" type="stmt" count="0"/>
      <line num="238" type="stmt" count="0"/>
      <line num="239" type="stmt" count="0"/>
      <line num="240" type="stmt" count="0"/>
      <line num="241" type="stmt" count="0"/>
      <metrics loc="244" ncloc="156" classes="1" methods="13" coveredmethods="0" conditionals="0" coveredconditionals="0" statements="79" coveredstatements="0" elements="92" coveredelements="0"/>
    </file>
    <file name="/home/runner/work/wp-module-features/wp-module-features/includes/FeaturesAPI.php">
      <class name="NewfoldLabs\WP\Module\Features\FeaturesAPI" namespace="global">
        <metrics complexity="10" methods="8" coveredmethods="0" conditionals="0" coveredconditionals="0" statements="94" coveredstatements="0" elements="102" coveredelements="0"/>
      </class>
      <line num="36" type="method" name="__construct" visibility="public" complexity="1" crap="2" count="0"/>
      <line num="37" type="stmt" count="0"/>
      <line num="38" type="stmt" count="0"/>
      <line num="44" type="method" name="register_routes" visibility="public" complexity="1" crap="2" count="0"/>
      <line num="47" type="stmt" count="0"/>
      <line num="48" type="stmt" count="0"/>
      <line num="49" type="stmt" count="0"/>
      <line num="50" type="stmt" count="0"/>
      <line num="51" type="stmt" count="0"/>
      <line num="52" type="stmt" count="0"/>
      <line num="53" type="stmt" count="0"/>
      <line num="54" type="stmt" count="0"/>
      <line num="55" type="stmt" count="0"/>
      <line num="58" type="stmt" count="0"/>
      <line num="59" type="stmt" count="0"/>
      <line num="60" type="stmt" count="0"/>
      <line num="61" type="stmt" count="0"/>
      <line num="62" type="stmt" count="0"/>
      <line num="63" type="stmt" count="0"/>
      <line num="64" type="stmt" count="0"/>
      <line num="65" type="stmt" count="0"/>
      <line num="66" type="stmt" count="0"/>
      <line num="67" type="stmt" count="0"/>
      <line num="68" type="stmt" count="0"/>
      <line num="69" type="stmt" count="0"/>
      <line num="70" type="stmt" count="0"/>
      <line num="71" type="stmt" count="0"/>
      <line num="72" type="stmt" count="0"/>
      <line num="75" type="stmt" count="0"/>
      <line num="76" type="stmt" count="0"/>
      <line num="77" type="stmt" count="0"/>
      <line num="78" type="stmt" count="0"/>
      <line num="79" type="stmt" count="0"/>
      <line num="80" type="stmt" count="0"/>
      <line num="81" type="stmt" count="0"/>
      <line num="82" type="stmt" count="0"/>
      <line num="83" type="stmt" count="0"/>
      <line num="84" type="stmt" count="0"/>
      <line num="85" type="stmt" count="0"/>
      <line num="86" type="stmt" count="0"/>
      <line num="87" type="stmt" count="0"/>
      <line num="88" type="stmt" count="0"/>
      <line num="89" type="stmt" count="0"/>
      <line num="92" type="stmt" count="0"/>
      <line num="93" type="stmt" count="0"/>
      <line num="94" type="stmt" count="0"/>
      <line num="95" type="stmt" count="0"/>
      <line num="96" type="stmt" count="0"/>
      <line num="97" type="stmt" count="0"/>
      <line num="98" type="stmt" count="0"/>
      <line num="99" type="stmt" count="0"/>
      <line num="100" type="stmt" count="0"/>
      <line num="101" type="stmt" count="0"/>
      <line num="102" type="stmt" count="0"/>
      <line num="103" type="stmt" count="0"/>
      <line num="104" type="stmt" count="0"/>
      <line num="105" type="stmt" count="0"/>
      <line num="106" type="stmt" count="0"/>
      <line num="117" type="method" name="validateFeatureParam" visibility="public" complexity="1" crap="2" count="0"/>
      <line num="118" type="stmt" count="0"/>
      <line num="127" type="method" name="checkPermission" visibility="public" complexity="1" crap="2" count="0"/>
      <line num="128" type="stmt" count="0"/>
      <line num="137" type="method" name="features" visibility="public" complexity="1" crap="2" count="0"/>
      <line num="138" type="stmt" count="0"/>
      <line num="139" type="stmt" count="0"/>
      <line num="140" type="stmt" count="0"/>
      <line num="141" type="stmt" count="0"/>
      <line num="142" type="stmt" count="0"/>
      <line num="143" type="stmt" count="0"/>
      <line num="152" type="method" name="featureEnable" visibility="public" complexity="2" crap="6" count="0"/>
      <line num="153" type="stmt" count="0"/>
      <line num="154" type="stmt" count="0"/>
      <line num="157" type="stmt" count="0"/>
      <line num="158" type="stmt" count="0"/>
      <line num="159" type="stmt" count="0"/>
      <line num="160" type="stmt" count="0"/>
      <line num="161" type="stmt" count="0"/>
      <line num="165" type="stmt" count="0"/>
      <line num="166" type="stmt" count="0"/>
      <line num="167" type="stmt" count="0"/>
      <line num="168" type="stmt" count="0"/>
      <line num="169" type="stmt" count="0"/>
      <line num="178" type="method" name="featureDisable" visibility="public" complexity="2" crap="6" count="0"/>
      <line num="179" type="stmt" count="0"/>
      <line num="180" type="stmt" count="0"/>
      <line num="183" type="stmt" count="0"/>
      <line num="184" type="stmt" count="0"/>
      <line num="185" type="stmt" count="0"/>
      <line num="186" type="stmt" count="0"/>
      <line num="187" type="stmt" count="0"/>
      <line num="191" type="stmt" count="0"/>
      <line num="192" type="stmt" count="0"/>
      <line num="193" type="stmt" count="0"/>
      <line num="194" type="stmt" count="0"/>
      <line num="195" type="stmt" count="0"/>
      <line num="204" type="method" name="featureIsEnabled" visibility="public" complexity="1" crap="2" count="0"/>
      <line num="205" type="stmt" count="0"/>
      <line num="206" type="stmt" count="0"/>
      <line num="208" type="stmt" count="0"/>
      <line num="209" type="stmt" count="0"/>
      <line num="210" type="stmt" count="0"/>
      <line num="211" type="stmt" count="0"/>
      <metrics loc="214" ncloc="147" classes="1" methods="8" coveredmethods="0" conditionals="0" coveredconditionals="0" statements="94" coveredstatements="0" elements="102" coveredelements="0"/>
    </file>
    <file name="/home/runner/work/wp-module-features/wp-module-features/includes/FeaturesCLI.php">
      <class name="NewfoldLabs\WP\Module\Features\FeaturesCLI" namespace="global">
        <metrics complexity="54" methods="16" coveredmethods="0" conditionals="0" coveredconditionals="0" statements="134" coveredstatements="0" elements="150" coveredelements="0"/>
      </class>
      <line num="18" type="method" name="__invoke" visibility="public" complexity="8" crap="72" count="0"/>
      <line num="20" type="stmt" count="0"/>
      <line num="21" type="stmt" count="0"/>
      <line num="24" type="stmt" count="0"/>
      <line num="26" type="stmt" count="0"/>
      <line num="27" type="stmt" count="0"/>
      <line num="28" type="stmt" count="0"/>
      <line num="30" type="stmt" count="0"/>
      <line num="31" type="stmt" count="0"/>
      <line num="32" type="stmt" count="0"/>
      <line num="34" type="stmt" count="0"/>
      <line num="35" type="stmt" count="0"/>
      <line num="36" type="stmt" count="0"/>
      <line num="38" type="stmt" count="0"/>
      <line num="39" type="stmt" count="0"/>
      <line num="40" type="stmt" count="0"/>
      <line num="43" type="stmt" count="0"/>
      <line num="51" type="method" name="list" visibility="protected" complexity="1" crap="2" count="0"/>
      <line num="52" type="stmt" count="0"/>
      <line num="53" type="stmt" count="0"/>
      <line num="54" type="stmt" count="0"/>
      <line num="55" type="stmt" count="0"/>
      <line num="56" type="stmt" count="0"/>
      <line num="57" type="stmt" count="0"/>
      <line num="65" type="method" name="isEnabled" visibility="protected" complexity="3" crap="12" count="0"/>
      <line num="66" type="stmt" count="0"/>
      <line num="67" type="stmt" count="0"/>
      <line num="68" type="stmt" count="0"/>
      <line num="69" type="stmt" count="0"/>
      <line num="70" type="stmt" count="0"/>
      <line num="71" type="stmt" count="0"/>
      <line num="73" type="stmt" count="0"/>
      <line num="74" type="stmt" count="0"/>
      <line num="75" type="stmt" count="0"/>
      <line num="76" type="stmt" count="0"/>
      <line num="78" type="stmt" count="0"/>
      <line num="86" type="method" name="enable" visibility="protected" complexity="2" crap="6" count="0"/>
      <line num="87" type="stmt" count="0"/>
      <line num="88" type="stmt" count="0"/>
      <line num="89" type="stmt" count="0"/>
      <line num="90" type="stmt" count="0"/>
      <line num="91" type="stmt" count="0"/>
      <line num="92" type="stmt" count="0"/>
      <line num="94" type="stmt" count="0"/>
      <line num="95" type="stmt" count="0"/>
      <line num="96" type="stmt" count="0"/>
      <line num="97" type="stmt" count="0"/>
      <line num="99" type="stmt" count="0"/>
      <line num="107" type="method" name="disable" visibility="protected" complexity="2" crap="6" count="0"/>
      <line num="108" type="stmt" count="0"/>
      <line num="109" type="stmt" count="0"/>
      <line num="110" type="stmt" count="0"/>
      <line num="111" type="stmt" count="0"/>
      <line num="112" type="stmt" count="0"/>
      <line num="113" type="stmt" count="0"/>
      <line num="115" type="stmt" count="0"/>
      <line num="116" type="stmt" count="0"/>
      <line num="117" type="stmt" count="0"/>
      <line num="118" type="stmt" count="0"/>
      <line num="120" type="stmt" count="0"/>
      <line num="128" type="method" name="render" visibility="protected" complexity="9" crap="90" count="0"/>
      <line num="129" type="stmt" count="0"/>
      <line num="130" type="stmt" count="0"/>
      <line num="131" type="stmt" count="0"/>
      <line num="132" type="stmt" count="0"/>
      <line num="134" type="stmt" count="0"/>
      <line num="135" type="stmt" count="0"/>
      <line num="136" type="stmt" count="0"/>
      <line num="137" type="stmt" count="0"/>
      <line num="138" type="stmt" count="0"/>
      <line num="139" type="stmt" count="0"/>
      <line num="140" type="stmt" count="0"/>
      <line num="141" type="stmt" count="0"/>
      <line num="142" type="stmt" count="0"/>
      <line num="143" type="stmt" count="0"/>
      <line num="144" type="stmt" count="0"/>
      <line num="146" type="stmt" count="0"/>
      <line num="147" type="stmt" count="0"/>
      <line num="148" type="stmt" count="0"/>
      <line num="149" type="stmt" count="0"/>
      <line num="150" type="stmt" count="0"/>
      <line num="151" type="stmt" count="0"/>
      <line num="152" type="stmt" count="0"/>
      <line num="154" type="stmt" count="0"/>
      <line num="157" type="stmt" count="0"/>
      <line num="158" type="stmt" count="0"/>
      <line num="160" type="stmt" count="0"/>
      <line num="178" type="method" name="table" visibility="protected" complexity="4" crap="20" count="0"/>
      <line num="179" type="stmt" count="0"/>
      <line num="180" type="stmt" count="0"/>
      <line num="183" type="stmt" count="0"/>
      <line num="184" type="stmt" count="0"/>
      <line num="185" type="stmt" count="0"/>
      <line num="187" type="stmt" count="0"/>
      <line num="188" type="stmt" count="0"/>
      <line num="189" type="stmt" count="0"/>
      <line num="190" type="stmt" count="0"/>
      <line num="191" type="stmt" count="0"/>
      <line num="192" type="stmt" count="0"/>
      <line num="196" type="stmt" count="0"/>
      <line num="205" type="method" name="bold_heading" visibility="protected" complexity="1" crap="2" count="0"/>
      <line num="206" type="stmt" count="0"/>
      <line num="215" type="method" name="success" visibility="protected" complexity="2" crap="6" count="0"/>
      <line num="216" type="stmt" count="0"/>
      <line num="217" type="stmt" count="0"/>
      <line num="225" type="method" name="info" visibility="protected" complexity="1" crap="2" count="0"/>
      <line num="226" type="stmt" count="0"/>
      <line num="234" type="method" name="warning" visibility="protected" complexity="1" crap="2" count="0"/>
      <line num="235" type="stmt" count="0"/>
      <line num="248" type="method" name="error" visibility="protected" complexity="3" crap="12" count="0"/>
      <line num="249" type="stmt" count="0"/>
      <line num="250" type="stmt" count="0"/>
      <line num="251" type="stmt" count="0"/>
      <line num="252" type="stmt" count="0"/>
      <line num="264" type="method" name="colorize_log" visibility="protected" complexity="5" crap="30" count="0"/>
      <line num="265" type="stmt" count="0"/>
      <line num="266" type="stmt" count="0"/>
      <line num="269" type="stmt" count="0"/>
      <line num="270" type="stmt" count="0"/>
      <line num="273" type="stmt" count="0"/>
      <line num="274" type="stmt" count="0"/>
      <line num="277" type="stmt" count="0"/>
      <line num="283" type="method" name="new_line" visibility="protected" complexity="1" crap="2" count="0"/>
      <line num="284" type="stmt" count="0"/>
      <line num="292" type="method" name="log_to_json" visibility="protected" complexity="3" crap="12" count="0"/>
      <line num="293" type="stmt" count="0"/>
      <line num="294" type="stmt" count="0"/>
      <line num="295" type="stmt" count="0"/>
      <line num="296" type="stmt" count="0"/>
      <line num="298" type="stmt" count="0"/>
      <line num="310" type="method" name="confirm" visibility="protected" complexity="8" crap="72" count="0"/>
      <line num="312" type="stmt" count="0"/>
      <line num="313" type="stmt" count="0"/>
      <line num="314" type="stmt" count="0"/>
      <line num="315" type="stmt" count="0"/>
      <line num="316" type="stmt" count="0"/>
      <line num="317" type="stmt" count="0"/>
      <line num="318" type="stmt" count="0"/>
      <line num="319" type="stmt" count="0"/>
      <line num="320" type="stmt" count="0"/>
      <line num="321" type="stmt" count="0"/>
      <line num="322" type="stmt" count="0"/>
      <line num="323" type="stmt" count="0"/>
      <line num="324" type="stmt" count="0"/>
      <line num="325" type="stmt" count="0"/>
      <line num="326" type="stmt" count="0"/>
      <line num="327" type="stmt" count="0"/>
      <line num="329" type="stmt" count="0"/>
      <line num="330" type="stmt" count="0"/>
      <metrics loc="334" ncloc="230" classes="1" methods="16" coveredmethods="0" conditionals="0" coveredconditionals="0" statements="134" coveredstatements="0" elements="150" coveredelements="0"/>
    </file>
    <file name="/home/runner/work/wp-module-features/wp-module-features/includes/Registry.php">
      <class name="NewfoldLabs\WP\Module\Features\Registry" namespace="global">
        <metrics complexity="9" methods="8" coveredmethods="0" conditionals="0" coveredconditionals="0" statements="14" coveredstatements="0" elements="22" coveredelements="0"/>
      </class>
      <line num="32" type="method" name="__construct" visibility="public" complexity="1" crap="2" count="0"/>
      <line num="33" type="stmt" count="0"/>
      <line num="42" type="method" name="has" visibility="public" complexity="1" crap="2" count="0"/>
      <line num="43" type="stmt" count="0"/>
      <line num="51" type="method" name="set" visibility="public" complexity="1" crap="2" count="0"/>
      <line num="52" type="stmt" count="0"/>
      <line num="53" type="stmt" count="0"/>
      <line num="54" type="stmt" count="0"/>
      <line num="63" type="method" name="get" visibility="public" complexity="2" crap="6" count="0"/>
      <line num="64" type="stmt" count="0"/>
      <line num="65" type="stmt" count="0"/>
      <line num="67" type="stmt" count="0"/>
      <line num="76" type="method" name="remove" visibility="public" complexity="1" crap="2" count="0"/>
      <line num="77" type="stmt" count="0"/>
      <line num="78" type="stmt" count="0"/>
      <line num="86" type="method" name="keys" visibility="public" complexity="1" crap="2" count="0"/>
      <line num="87" type="stmt" count="0"/>
      <line num="95" type="method" name="all" visibility="public" complexity="1" crap="2" count="0"/>
      <line num="96" type="stmt" count="0"/>
      <line num="102" type="method" name="reset" visibility="public" complexity="1" crap="2" count="0"/>
      <line num="104" type="stmt" count="0"/>
      <line num="105" type="stmt" count="0"/>
      <metrics loc="108" ncloc="52" classes="1" methods="8" coveredmethods="0" conditionals="0" coveredconditionals="0" statements="14" coveredstatements="0" elements="22" coveredelements="0"/>
    </file>
    <file name="/home/runner/work/wp-module-features/wp-module-features/includes/functions.php">
      <line num="14" type="stmt" count="0"/>
      <line num="15" type="stmt" count="0"/>
      <line num="17" type="stmt" count="0"/>
      <line num="18" type="stmt" count="0"/>
      <line num="19" type="stmt" count="0"/>
      <line num="20" type="stmt" count="0"/>
      <line num="21" type="stmt" count="0"/>
      <line num="32" type="stmt" count="0"/>
      <line num="33" type="stmt" count="0"/>
      <line num="35" type="stmt" count="0"/>
      <line num="36" type="stmt" count="0"/>
      <line num="37" type="stmt" count="0"/>
      <line num="38" type="stmt" count="0"/>
      <line num="39" type="stmt" count="0"/>
      <line num="50" type="stmt" count="0"/>
      <line num="51" type="stmt" count="0"/>
      <line num="53" type="stmt" count="0"/>
      <line num="54" type="stmt" count="0"/>
      <line num="55" type="stmt" count="0"/>
      <line num="56" type="stmt" count="0"/>
      <line num="57" type="stmt" count="0"/>
      <metrics loc="60" ncloc="42" classes="0" methods="0" coveredmethods="0" conditionals="0" coveredconditionals="0" statements="21" coveredstatements="0" elements="21" coveredelements="0"/>
    </file>
    <metrics files="6" loc="1156" ncloc="736" classes="5" methods="54" coveredmethods="0" conditionals="0" coveredconditionals="0" statements="394" coveredstatements="0" elements="448" coveredelements="0"/>
  </project>
</coverage>
